2024-02-28 14:05:30,076 INFO logger has been initialized
2024-02-28 14:05:31,888 DEBUG Class Game=<class 'game.Game.Game'> initializing....
2024-02-28 14:05:31,889 DEBUG Class SceneHandler=<class 'game.SceneHandler.SceneHandler'> initializing....
2024-02-28 14:05:31,889 INFO Loading Areas........
2024-02-28 14:05:31,889 INFO Loaded all Areas.
2024-02-28 14:05:31,889 DEBUG Class Area=<class 'game.Scenes.Area.Area'> initializing....
2024-02-28 14:05:31,889 INFO Loading Maps for area self.name='test'...
2024-02-28 14:05:31,890 DEBUG Mapsdirectory: os.listdir(mapsDirectory)=['TestMaps']
2024-02-28 14:05:31,890 DEBUG Fetching maps from folder='TestMaps' 
 Current Map: mapModulePath='gamedata.Maps.TestMaps.TestMap1'
2024-02-28 14:05:31,937 DEBUG Creating properties for tile name='yellow'. 
2024-02-28 14:05:31,939 DEBUG Creating properties for tile name='blue'. 
2024-02-28 14:05:31,939 DEBUG Creating properties for tile name='black'. 
2024-02-28 14:05:31,940 DEBUG Creating properties for tile name='orange'. 
2024-02-28 14:05:31,941 DEBUG Creating properties for tile name='white'. 
2024-02-28 14:05:31,941 DEBUG Creating properties for tile name='purple'. 
2024-02-28 14:05:31,942 DEBUG Creating properties for tile name='green'. 
2024-02-28 14:05:31,942 DEBUG Creating properties for tile name='red'. 
2024-02-28 14:05:31,942 DEBUG Loading map module: mapModule=<module 'gamedata.Maps.TestMaps.TestMap1' from 'C:\\Users\\david\\Documents\\GitHub\\pygameRPG\\pygameRPG\\gamedata\\Maps\\TestMaps\\TestMap1.py'>
2024-02-28 14:05:31,942 DEBUG Class TileMap=<class 'game.TileMap.TileMap'> initializing....
2024-02-28 14:05:31,942 DEBUG tile_map=[[['N', 'N', 'N', 'N', 'N', 'N', 'N', 'N', 'N', 'N', 'N', 'N', 'N', 'N', 'N', 'N', 'N', 'N', 'N', 'N', 'N', 'N', 'N', 'N', 'N', 'N', 'N', 'N', 'N', 'N'], ['Y', 'Y', 'Y', 'Y', 'Y', 'Y', 'Y', 'Y', 'Y', 'Y', 'Y', 'Y', 'Y', 'Y', 'Y', 'Y', 'Y', 'Y', 'Y', 'Y', 'Y', 'Y', 'Y', 'Y', 'Y', 'Y', 'Y', 'Y', 'Y', 'Y'], ['B', 'B', 'B', 'B', 'B', 'B', 'B', 'B', 'B', 'B', 'B', 'B', 'B', 'B', 'B', 'B', 'B', 'B', 'B', 'B', 'B', 'B', 'B', 'B', 'B', 'B', 'B', 'B', 'B', 'B'], ['G', 'G', 'G', 'G', 'G', 'G', 'G', 'G', 'G', 'G', 'G', 'G', 'G', 'G', 'G', 'G', 'G', 'G', 'G', 'G', 'G', 'G', 'G', 'G', 'G', 'G', 'G', 'G', 'G', 'G'], ['W', 'W', 'W', 'W', 'W', 'W', 'W', 'W', 'W', 'W', 'W', 'W', 'W', 'W', 'W', 'W', 'W', 'W', 'W', 'W', 'W', 'W', 'W', 'W', 'W', 'W', 'W', 'W', 'W', 'W'], ['P', 'P', 'P', 'P', 'P', 'P', 'P', 'P', 'P', 'P', 'P', 'P', 'P', 'P', 'P', 'P', 'P', 'P', 'P', 'P', 'P', 'P', 'P', 'P', 'P', 'P', 'P', 'P', 'P', 'P'], ['O', 'O', 'O', 'O', 'O', 'O', 'O', 'O', 'O', 'O', 'O', 'O', 'O', 'O', 'O', 'O', 'O', 'O', 'O', 'O', 'O', 'O', 'O', 'O', 'O', 'O', 'O', 'O', 'O', 'O'], ['R', 'R', 'R', 'R', 'R', 'R', 'R', 'R', 'R', 'R', 'R', 'R', 'R', 'R', 'R', 'R', 'R', 'R', 'R', 'R', 'R', 'R', 'R', 'R', 'R', 'R', 'R', 'R', 'R', 'R']]]
2024-02-28 14:05:31,942 DEBUG len(tile_map)=1
2024-02-28 14:05:31,944 DEBUG Class TileMap=<class 'game.TileMap.TileMap'> initialized.
2024-02-28 14:05:31,944 DEBUG Loaded map module: <module 'gamedata.Maps.TestMaps.TestMap1' from 'C:\\Users\\david\\Documents\\GitHub\\pygameRPG\\pygameRPG\\gamedata\\Maps\\TestMaps\\TestMap1.py'>
2024-02-28 14:05:31,945 DEBUG Fetching maps from folder='TestMaps' 
 Current Map: mapModulePath='gamedata.Maps.TestMaps.TestMap2'
2024-02-28 14:05:31,947 DEBUG Creating properties for tile name='Grass'. 
2024-02-28 14:05:31,948 DEBUG Creating properties for tile name='MiddleDirtSprite'. 
2024-02-28 14:05:31,949 DEBUG Creating properties for tile name='RightDirtSprite'. 
2024-02-28 14:05:31,950 DEBUG Creating properties for tile name='LeftDirtSprite'. 
2024-02-28 14:05:31,950 DEBUG Creating properties for tile name='UpDirtSprite'. 
2024-02-28 14:05:31,951 DEBUG Creating properties for tile name='DownDirtSprite'. 
2024-02-28 14:05:31,952 DEBUG Creating properties for tile name='UpRightDirtSprite'. 
2024-02-28 14:05:31,952 DEBUG Creating properties for tile name='UpLeftDirtSprite'. 
2024-02-28 14:05:31,953 DEBUG Creating properties for tile name='DownRightDirtSprite'. 
2024-02-28 14:05:31,953 DEBUG Creating properties for tile name='DownLeftDirtSprite'. 
2024-02-28 14:05:31,953 DEBUG Loading map module: mapModule=<module 'gamedata.Maps.TestMaps.TestMap2' from 'C:\\Users\\david\\Documents\\GitHub\\pygameRPG\\pygameRPG\\gamedata\\Maps\\TestMaps\\TestMap2.py'>
2024-02-28 14:05:31,955 DEBUG Class TileMap=<class 'game.TileMap.TileMap'> initializing....
2024-02-28 14:05:31,955 DEBUG tile_map=([['G', 'G', 'G', 'G', 'G', 'G', 'G'], ['G', 'G', 'G', 'G', 'G', 'G', 'G'], ['G', 'G', 'G', 'G', 'G', 'G', 'G'], ['G', 'G', 'G', 'G', 'G', 'G', 'G']], [[], ['UL', 'U', 'U', 'U', 'U', 'U', 'UR'], ['L', 'M', 'M', 'M', 'M', 'M', 'R'], ['DL', 'D', 'D', 'D', 'D', 'D', 'DR']])
2024-02-28 14:05:31,955 DEBUG len(tile_map)=2
2024-02-28 14:05:31,955 DEBUG Class TileMap=<class 'game.TileMap.TileMap'> initialized.
2024-02-28 14:05:31,955 DEBUG Loaded map module: <module 'gamedata.Maps.TestMaps.TestMap2' from 'C:\\Users\\david\\Documents\\GitHub\\pygameRPG\\pygameRPG\\gamedata\\Maps\\TestMaps\\TestMap2.py'>
2024-02-28 14:05:31,955 INFO Successfully loaded all Maps for area self.name='test'.
2024-02-28 14:05:31,955 DEBUG Class Area=<class 'game.Scenes.Area.Area'> intialized.
2024-02-28 14:05:31,955 DEBUG Class Area=<class 'game.Scenes.Area.Area'> initializing....
2024-02-28 14:05:31,955 INFO Loading Maps for area self.name='test'...
2024-02-28 14:05:31,956 DEBUG Mapsdirectory: os.listdir(mapsDirectory)=['TestMaps']
2024-02-28 14:05:31,956 DEBUG Fetching maps from folder='TestMaps' 
 Current Map: mapModulePath='gamedata.Maps.TestMaps.TestMap1'
2024-02-28 14:05:31,956 DEBUG Loading map module: mapModule=<module 'gamedata.Maps.TestMaps.TestMap1' from 'C:\\Users\\david\\Documents\\GitHub\\pygameRPG\\pygameRPG\\gamedata\\Maps\\TestMaps\\TestMap1.py'>
2024-02-28 14:05:31,956 DEBUG Class TileMap=<class 'game.TileMap.TileMap'> initializing....
2024-02-28 14:05:31,956 DEBUG tile_map=[[['N', 'N', 'N', 'N', 'N', 'N', 'N', 'N', 'N', 'N', 'N', 'N', 'N', 'N', 'N', 'N', 'N', 'N', 'N', 'N', 'N', 'N', 'N', 'N', 'N', 'N', 'N', 'N', 'N', 'N'], ['Y', 'Y', 'Y', 'Y', 'Y', 'Y', 'Y', 'Y', 'Y', 'Y', 'Y', 'Y', 'Y', 'Y', 'Y', 'Y', 'Y', 'Y', 'Y', 'Y', 'Y', 'Y', 'Y', 'Y', 'Y', 'Y', 'Y', 'Y', 'Y', 'Y'], ['B', 'B', 'B', 'B', 'B', 'B', 'B', 'B', 'B', 'B', 'B', 'B', 'B', 'B', 'B', 'B', 'B', 'B', 'B', 'B', 'B', 'B', 'B', 'B', 'B', 'B', 'B', 'B', 'B', 'B'], ['G', 'G', 'G', 'G', 'G', 'G', 'G', 'G', 'G', 'G', 'G', 'G', 'G', 'G', 'G', 'G', 'G', 'G', 'G', 'G', 'G', 'G', 'G', 'G', 'G', 'G', 'G', 'G', 'G', 'G'], ['W', 'W', 'W', 'W', 'W', 'W', 'W', 'W', 'W', 'W', 'W', 'W', 'W', 'W', 'W', 'W', 'W', 'W', 'W', 'W', 'W', 'W', 'W', 'W', 'W', 'W', 'W', 'W', 'W', 'W'], ['P', 'P', 'P', 'P', 'P', 'P', 'P', 'P', 'P', 'P', 'P', 'P', 'P', 'P', 'P', 'P', 'P', 'P', 'P', 'P', 'P', 'P', 'P', 'P', 'P', 'P', 'P', 'P', 'P', 'P'], ['O', 'O', 'O', 'O', 'O', 'O', 'O', 'O', 'O', 'O', 'O', 'O', 'O', 'O', 'O', 'O', 'O', 'O', 'O', 'O', 'O', 'O', 'O', 'O', 'O', 'O', 'O', 'O', 'O', 'O'], ['R', 'R', 'R', 'R', 'R', 'R', 'R', 'R', 'R', 'R', 'R', 'R', 'R', 'R', 'R', 'R', 'R', 'R', 'R', 'R', 'R', 'R', 'R', 'R', 'R', 'R', 'R', 'R', 'R', 'R']]]
2024-02-28 14:05:31,956 DEBUG len(tile_map)=1
2024-02-28 14:05:31,957 DEBUG Class TileMap=<class 'game.TileMap.TileMap'> initialized.
2024-02-28 14:05:31,957 DEBUG Loaded map module: <module 'gamedata.Maps.TestMaps.TestMap1' from 'C:\\Users\\david\\Documents\\GitHub\\pygameRPG\\pygameRPG\\gamedata\\Maps\\TestMaps\\TestMap1.py'>
2024-02-28 14:05:31,957 DEBUG Fetching maps from folder='TestMaps' 
 Current Map: mapModulePath='gamedata.Maps.TestMaps.TestMap2'
2024-02-28 14:05:31,957 DEBUG Loading map module: mapModule=<module 'gamedata.Maps.TestMaps.TestMap2' from 'C:\\Users\\david\\Documents\\GitHub\\pygameRPG\\pygameRPG\\gamedata\\Maps\\TestMaps\\TestMap2.py'>
2024-02-28 14:05:31,957 DEBUG Class TileMap=<class 'game.TileMap.TileMap'> initializing....
2024-02-28 14:05:31,957 DEBUG tile_map=([['G', 'G', 'G', 'G', 'G', 'G', 'G'], ['G', 'G', 'G', 'G', 'G', 'G', 'G'], ['G', 'G', 'G', 'G', 'G', 'G', 'G'], ['G', 'G', 'G', 'G', 'G', 'G', 'G']], [[], ['UL', 'U', 'U', 'U', 'U', 'U', 'UR'], ['L', 'M', 'M', 'M', 'M', 'M', 'R'], ['DL', 'D', 'D', 'D', 'D', 'D', 'DR']])
2024-02-28 14:05:31,957 DEBUG len(tile_map)=2
2024-02-28 14:05:31,957 DEBUG Class TileMap=<class 'game.TileMap.TileMap'> initialized.
2024-02-28 14:05:31,957 DEBUG Loaded map module: <module 'gamedata.Maps.TestMaps.TestMap2' from 'C:\\Users\\david\\Documents\\GitHub\\pygameRPG\\pygameRPG\\gamedata\\Maps\\TestMaps\\TestMap2.py'>
2024-02-28 14:05:31,957 INFO Successfully loaded all Maps for area self.name='test'.
2024-02-28 14:05:31,958 DEBUG Class Area=<class 'game.Scenes.Area.Area'> intialized.
2024-02-28 14:05:31,969 DEBUG Class SceneHandler=<class 'game.SceneHandler.SceneHandler'> intialized.
2024-02-28 14:05:31,969 DEBUG Class Game=<class 'game.Game.Game'> intialized.
2024-02-28 14:05:31,969 DEBUG CURRENT FPS: 0.0
2024-02-28 14:05:31,983 DEBUG CURRENT FPS: 0.0
2024-02-28 14:05:32,004 DEBUG CURRENT FPS: 0.0
2024-02-28 14:05:32,025 DEBUG CURRENT FPS: 0.0
2024-02-28 14:05:32,048 DEBUG CURRENT FPS: 0.0
2024-02-28 14:05:32,070 DEBUG CURRENT FPS: 0.0
2024-02-28 14:05:32,094 DEBUG CURRENT FPS: 0.0
2024-02-28 14:05:32,116 DEBUG CURRENT FPS: 0.0
2024-02-28 14:05:32,139 DEBUG CURRENT FPS: 0.0
2024-02-28 14:05:32,160 DEBUG CURRENT FPS: 0.0
2024-02-28 14:05:32,184 DEBUG CURRENT FPS: 0.0
2024-02-28 14:05:32,209 DEBUG CURRENT FPS: 44.24778747558594
2024-02-28 14:05:32,232 DEBUG CURRENT FPS: 44.24778747558594
2024-02-28 14:05:32,253 DEBUG CURRENT FPS: 44.24778747558594
2024-02-28 14:05:32,277 DEBUG CURRENT FPS: 44.24778747558594
2024-02-28 14:05:32,297 DEBUG CURRENT FPS: 44.24778747558594
2024-02-28 14:05:32,319 DEBUG CURRENT FPS: 44.24778747558594
2024-02-28 14:05:32,342 DEBUG CURRENT FPS: 44.24778747558594
2024-02-28 14:05:32,367 DEBUG CURRENT FPS: 44.24778747558594
2024-02-28 14:05:32,390 DEBUG CURRENT FPS: 44.24778747558594
2024-02-28 14:05:32,411 DEBUG CURRENT FPS: 44.24778747558594
2024-02-28 14:05:32,432 DEBUG CURRENT FPS: 44.4444465637207
2024-02-28 14:05:32,455 DEBUG CURRENT FPS: 44.4444465637207
2024-02-28 14:05:32,479 DEBUG CURRENT FPS: 44.4444465637207
2024-02-28 14:05:32,501 DEBUG CURRENT FPS: 44.4444465637207
2024-02-28 14:05:32,527 DEBUG CURRENT FPS: 44.4444465637207
2024-02-28 14:05:32,546 DEBUG Button self.name='PLAY_BUTTON'
2024-02-28 14:05:32,547 DEBUG CURRENT FPS: 44.4444465637207
2024-02-28 14:05:32,556 DEBUG currentScene=<game.Scenes.TitleScreen.TitleScreen object at 0x00000211CF6A03B0>
2024-02-28 14:05:32,560 DEBUG CURRENT FPS: 44.4444465637207
2024-02-28 14:05:32,586 DEBUG CURRENT FPS: 44.4444465637207
2024-02-28 14:05:32,606 DEBUG CURRENT FPS: 44.4444465637207
2024-02-28 14:05:32,628 DEBUG CURRENT FPS: 44.4444465637207
2024-02-28 14:05:32,650 DEBUG CURRENT FPS: 44.4444465637207
2024-02-28 14:05:32,675 DEBUG CURRENT FPS: 44.4444465637207
2024-02-28 14:05:32,696 DEBUG CURRENT FPS: 44.4444465637207
2024-02-28 14:05:32,718 DEBUG CURRENT FPS: 44.4444465637207
2024-02-28 14:05:32,741 DEBUG CURRENT FPS: 44.4444465637207
2024-02-28 14:05:32,766 DEBUG CURRENT FPS: 44.4444465637207
2024-02-28 14:05:32,788 DEBUG CURRENT FPS: 44.4444465637207
2024-02-28 14:05:32,810 DEBUG CURRENT FPS: 44.4444465637207
2024-02-28 14:05:32,832 DEBUG CURRENT FPS: 44.4444465637207
2024-02-28 14:05:32,855 DEBUG CURRENT FPS: 44.4444465637207
2024-02-28 14:05:32,876 DEBUG CURRENT FPS: 44.24778747558594
2024-02-28 14:05:32,900 DEBUG CURRENT FPS: 44.24778747558594
2024-02-28 14:05:32,923 DEBUG CURRENT FPS: 44.24778747558594
2024-02-28 14:05:32,945 DEBUG CURRENT FPS: 44.24778747558594
2024-02-28 14:05:32,968 DEBUG CURRENT FPS: 44.24778747558594
2024-02-28 14:05:32,990 DEBUG CURRENT FPS: 44.24778747558594
2024-02-28 14:05:33,016 DEBUG CURRENT FPS: 44.24778747558594
2024-02-28 14:05:33,039 DEBUG CURRENT FPS: 44.24778747558594
2024-02-28 14:05:33,057 DEBUG CURRENT FPS: 44.24778747558594
2024-02-28 14:05:33,081 DEBUG CURRENT FPS: 44.24778747558594
2024-02-28 14:05:33,102 DEBUG CURRENT FPS: 44.4444465637207
2024-02-28 14:05:33,125 DEBUG CURRENT FPS: 44.4444465637207
2024-02-28 14:05:33,148 DEBUG CURRENT FPS: 44.4444465637207
2024-02-28 14:05:33,171 DEBUG CURRENT FPS: 44.4444465637207
2024-02-28 14:05:33,193 DEBUG CURRENT FPS: 44.4444465637207
2024-02-28 14:05:33,216 DEBUG CURRENT FPS: 44.4444465637207
2024-02-28 14:05:33,237 INFO Succefully changed map to self.maps[self.mapIdx]=<game.TileMap.TileMap object at 0x00000211CF8564B0>
2024-02-28 14:05:33,237 DEBUG CURRENT FPS: 44.4444465637207
2024-02-28 14:05:33,256 ERROR Issue changing area to previous: 
 	 	 	when self.mapIdx=1 added by step=1, self.mapIdx is out of range.
2024-02-28 14:05:33,256 DEBUG CURRENT FPS: 44.4444465637207
2024-02-28 14:05:33,278 ERROR Issue changing area to previous: 
 	 	 	when self.mapIdx=1 added by step=1, self.mapIdx is out of range.
2024-02-28 14:05:33,279 DEBUG CURRENT FPS: 44.4444465637207
2024-02-28 14:05:33,300 ERROR Issue changing area to previous: 
 	 	 	when self.mapIdx=1 added by step=1, self.mapIdx is out of range.
2024-02-28 14:05:33,300 DEBUG CURRENT FPS: 44.4444465637207
2024-02-28 14:05:33,324 ERROR Issue changing area to previous: 
 	 	 	when self.mapIdx=1 added by step=1, self.mapIdx is out of range.
2024-02-28 14:05:33,324 DEBUG CURRENT FPS: 44.4444465637207
2024-02-28 14:05:33,346 ERROR Issue changing area to previous: 
 	 	 	when self.mapIdx=1 added by step=1, self.mapIdx is out of range.
2024-02-28 14:05:33,346 DEBUG CURRENT FPS: 44.4444465637207
2024-02-28 14:05:33,368 ERROR Issue changing area to previous: 
 	 	 	when self.mapIdx=1 added by step=1, self.mapIdx is out of range.
2024-02-28 14:05:33,369 DEBUG CURRENT FPS: 44.4444465637207
2024-02-28 14:05:33,391 DEBUG CURRENT FPS: 44.4444465637207
2024-02-28 14:05:33,413 DEBUG CURRENT FPS: 44.4444465637207
2024-02-28 14:05:33,436 DEBUG CURRENT FPS: 44.4444465637207
2024-02-28 14:05:33,459 DEBUG CURRENT FPS: 44.4444465637207
2024-02-28 14:05:33,481 DEBUG CURRENT FPS: 44.4444465637207
2024-02-28 14:05:33,503 DEBUG CURRENT FPS: 44.4444465637207
2024-02-28 14:05:33,525 DEBUG CURRENT FPS: 44.4444465637207
2024-02-28 14:05:33,548 DEBUG CURRENT FPS: 44.4444465637207
2024-02-28 14:05:33,572 DEBUG CURRENT FPS: 44.4444465637207
2024-02-28 14:05:33,593 ERROR Issue changing area to previous: 
 	 	 	when self.mapIdx=1 added by step=1, self.mapIdx is out of range.
2024-02-28 14:05:33,593 DEBUG CURRENT FPS: 44.4444465637207
2024-02-28 14:05:33,615 ERROR Issue changing area to previous: 
 	 	 	when self.mapIdx=1 added by step=1, self.mapIdx is out of range.
2024-02-28 14:05:33,615 DEBUG CURRENT FPS: 44.4444465637207
2024-02-28 14:05:33,638 ERROR Issue changing area to previous: 
 	 	 	when self.mapIdx=1 added by step=1, self.mapIdx is out of range.
2024-02-28 14:05:33,638 DEBUG CURRENT FPS: 44.4444465637207
2024-02-28 14:05:33,661 ERROR Issue changing area to previous: 
 	 	 	when self.mapIdx=1 added by step=1, self.mapIdx is out of range.
2024-02-28 14:05:33,661 DEBUG CURRENT FPS: 44.4444465637207
2024-02-28 14:05:33,684 ERROR Issue changing area to previous: 
 	 	 	when self.mapIdx=1 added by step=1, self.mapIdx is out of range.
2024-02-28 14:05:33,684 DEBUG CURRENT FPS: 44.4444465637207
2024-02-28 14:05:33,706 ERROR Issue changing area to previous: 
 	 	 	when self.mapIdx=1 added by step=1, self.mapIdx is out of range.
2024-02-28 14:05:33,706 DEBUG CURRENT FPS: 44.4444465637207
2024-02-28 14:05:33,728 ERROR Issue changing area to previous: 
 	 	 	when self.mapIdx=1 added by step=1, self.mapIdx is out of range.
2024-02-28 14:05:33,728 DEBUG CURRENT FPS: 44.4444465637207
2024-02-28 14:05:33,751 ERROR Issue changing area to previous: 
 	 	 	when self.mapIdx=1 added by step=1, self.mapIdx is out of range.
2024-02-28 14:05:33,751 DEBUG CURRENT FPS: 44.4444465637207
2024-02-28 14:05:33,774 DEBUG CURRENT FPS: 44.4444465637207
2024-02-28 14:05:33,795 DEBUG CURRENT FPS: 44.4444465637207
2024-02-28 14:05:33,818 DEBUG CURRENT FPS: 44.4444465637207
2024-02-28 14:05:33,841 DEBUG CURRENT FPS: 44.4444465637207
2024-02-28 14:05:33,865 DEBUG CURRENT FPS: 44.4444465637207
2024-02-28 14:05:33,886 INFO Succefully changed map to self.maps[self.mapIdx]=<game.TileMap.TileMap object at 0x00000211CF856480>
2024-02-28 14:05:33,887 DEBUG CURRENT FPS: 44.4444465637207
2024-02-28 14:05:33,913 ERROR Issue changing area to previous: 
 	 	 	when self.mapIdx=0 added by step=-1, self.mapIdx is out of range.
2024-02-28 14:05:33,913 DEBUG CURRENT FPS: 44.4444465637207
2024-02-28 14:05:33,935 ERROR Issue changing area to previous: 
 	 	 	when self.mapIdx=0 added by step=-1, self.mapIdx is out of range.
2024-02-28 14:05:33,935 DEBUG CURRENT FPS: 44.4444465637207
2024-02-28 14:05:33,957 ERROR Issue changing area to previous: 
 	 	 	when self.mapIdx=0 added by step=-1, self.mapIdx is out of range.
2024-02-28 14:05:33,957 DEBUG CURRENT FPS: 44.4444465637207
2024-02-28 14:05:33,978 ERROR Issue changing area to previous: 
 	 	 	when self.mapIdx=0 added by step=-1, self.mapIdx is out of range.
2024-02-28 14:05:33,979 DEBUG CURRENT FPS: 44.4444465637207
2024-02-28 14:05:34,001 ERROR Issue changing area to previous: 
 	 	 	when self.mapIdx=0 added by step=-1, self.mapIdx is out of range.
2024-02-28 14:05:34,003 DEBUG CURRENT FPS: 44.4444465637207
2024-02-28 14:05:34,025 DEBUG CURRENT FPS: 44.4444465637207
2024-02-28 14:05:34,048 DEBUG CURRENT FPS: 44.4444465637207
2024-02-28 14:05:34,069 DEBUG CURRENT FPS: 44.4444465637207
2024-02-28 14:05:34,091 DEBUG CURRENT FPS: 44.4444465637207
2024-02-28 14:05:34,114 DEBUG CURRENT FPS: 44.4444465637207
2024-02-28 14:05:34,137 DEBUG CURRENT FPS: 44.4444465637207
2024-02-28 14:05:34,159 INFO Succefully changed map to self.maps[self.mapIdx]=<game.TileMap.TileMap object at 0x00000211CF8564B0>
2024-02-28 14:05:34,160 DEBUG CURRENT FPS: 44.4444465637207
2024-02-28 14:05:34,179 ERROR Issue changing area to previous: 
 	 	 	when self.mapIdx=1 added by step=1, self.mapIdx is out of range.
2024-02-28 14:05:34,180 DEBUG CURRENT FPS: 44.4444465637207
2024-02-28 14:05:34,200 ERROR Issue changing area to previous: 
 	 	 	when self.mapIdx=1 added by step=1, self.mapIdx is out of range.
2024-02-28 14:05:34,200 DEBUG CURRENT FPS: 44.4444465637207
2024-02-28 14:05:34,223 ERROR Issue changing area to previous: 
 	 	 	when self.mapIdx=1 added by step=1, self.mapIdx is out of range.
2024-02-28 14:05:34,223 DEBUG CURRENT FPS: 44.4444465637207
2024-02-28 14:05:34,246 ERROR Issue changing area to previous: 
 	 	 	when self.mapIdx=1 added by step=1, self.mapIdx is out of range.
2024-02-28 14:05:34,246 DEBUG CURRENT FPS: 44.4444465637207
2024-02-28 14:05:34,269 ERROR Issue changing area to previous: 
 	 	 	when self.mapIdx=1 added by step=1, self.mapIdx is out of range.
2024-02-28 14:05:34,270 DEBUG CURRENT FPS: 44.4444465637207
2024-02-28 14:05:34,290 ERROR Issue changing area to previous: 
 	 	 	when self.mapIdx=1 added by step=1, self.mapIdx is out of range.
2024-02-28 14:05:34,291 DEBUG CURRENT FPS: 44.4444465637207
2024-02-28 14:05:34,312 INFO Succefully changed map to self.maps[self.mapIdx]=<game.TileMap.TileMap object at 0x00000211CF856480>
2024-02-28 14:05:34,313 DEBUG CURRENT FPS: 44.4444465637207
2024-02-28 14:05:34,340 ERROR Issue changing area to previous: 
 	 	 	when self.mapIdx=0 added by step=-1, self.mapIdx is out of range.
2024-02-28 14:05:34,340 DEBUG CURRENT FPS: 44.4444465637207
2024-02-28 14:05:34,364 ERROR Issue changing area to previous: 
 	 	 	when self.mapIdx=0 added by step=-1, self.mapIdx is out of range.
2024-02-28 14:05:34,366 DEBUG CURRENT FPS: 44.4444465637207
2024-02-28 14:05:34,384 ERROR Issue changing area to previous: 
 	 	 	when self.mapIdx=0 added by step=-1, self.mapIdx is out of range.
2024-02-28 14:05:34,385 DEBUG CURRENT FPS: 44.4444465637207
2024-02-28 14:05:34,406 ERROR Issue changing area to previous: 
 	 	 	when self.mapIdx=0 added by step=-1, self.mapIdx is out of range.
2024-02-28 14:05:34,407 DEBUG CURRENT FPS: 44.4444465637207
2024-02-28 14:05:34,428 DEBUG CURRENT FPS: 44.4444465637207
2024-02-28 14:05:34,450 INFO Succefully changed map to self.maps[self.mapIdx]=<game.TileMap.TileMap object at 0x00000211CF8564B0>
2024-02-28 14:05:34,450 DEBUG CURRENT FPS: 44.843048095703125
2024-02-28 14:05:34,469 ERROR Issue changing area to previous: 
 	 	 	when self.mapIdx=1 added by step=1, self.mapIdx is out of range.
2024-02-28 14:05:34,469 DEBUG CURRENT FPS: 44.843048095703125
2024-02-28 14:05:34,493 ERROR Issue changing area to previous: 
 	 	 	when self.mapIdx=1 added by step=1, self.mapIdx is out of range.
2024-02-28 14:05:34,494 DEBUG CURRENT FPS: 44.843048095703125
2024-02-28 14:05:34,516 ERROR Issue changing area to previous: 
 	 	 	when self.mapIdx=1 added by step=1, self.mapIdx is out of range.
2024-02-28 14:05:34,517 DEBUG CURRENT FPS: 44.843048095703125
2024-02-28 14:05:34,539 INFO Succefully changed map to self.maps[self.mapIdx]=<game.TileMap.TileMap object at 0x00000211CF856480>
2024-02-28 14:05:34,539 DEBUG CURRENT FPS: 44.843048095703125
2024-02-28 14:05:34,566 ERROR Issue changing area to previous: 
 	 	 	when self.mapIdx=0 added by step=-1, self.mapIdx is out of range.
2024-02-28 14:05:34,567 DEBUG CURRENT FPS: 44.843048095703125
2024-02-28 14:05:34,589 ERROR Issue changing area to previous: 
 	 	 	when self.mapIdx=0 added by step=-1, self.mapIdx is out of range.
2024-02-28 14:05:34,590 DEBUG CURRENT FPS: 44.843048095703125
2024-02-28 14:05:34,612 ERROR Issue changing area to previous: 
 	 	 	when self.mapIdx=0 added by step=-1, self.mapIdx is out of range.
2024-02-28 14:05:34,613 DEBUG CURRENT FPS: 44.843048095703125
2024-02-28 14:05:34,635 ERROR Issue changing area to previous: 
 	 	 	when self.mapIdx=0 added by step=-1, self.mapIdx is out of range.
2024-02-28 14:05:34,636 DEBUG CURRENT FPS: 44.843048095703125
2024-02-28 14:05:34,658 INFO Succefully changed map to self.maps[self.mapIdx]=<game.TileMap.TileMap object at 0x00000211CF8564B0>
2024-02-28 14:05:34,659 DEBUG CURRENT FPS: 44.843048095703125
2024-02-28 14:05:34,676 ERROR Issue changing area to previous: 
 	 	 	when self.mapIdx=1 added by step=1, self.mapIdx is out of range.
2024-02-28 14:05:34,676 DEBUG CURRENT FPS: 43.4782600402832
2024-02-28 14:05:34,698 ERROR Issue changing area to previous: 
 	 	 	when self.mapIdx=1 added by step=1, self.mapIdx is out of range.
2024-02-28 14:05:34,699 DEBUG CURRENT FPS: 43.4782600402832
2024-02-28 14:05:34,720 ERROR Issue changing area to previous: 
 	 	 	when self.mapIdx=1 added by step=1, self.mapIdx is out of range.
2024-02-28 14:05:34,720 DEBUG CURRENT FPS: 43.4782600402832
2024-02-28 14:05:34,744 ERROR Issue changing area to previous: 
 	 	 	when self.mapIdx=1 added by step=1, self.mapIdx is out of range.
2024-02-28 14:05:34,744 DEBUG CURRENT FPS: 43.4782600402832
2024-02-28 14:05:34,766 INFO Succefully changed map to self.maps[self.mapIdx]=<game.TileMap.TileMap object at 0x00000211CF856480>
2024-02-28 14:05:34,767 DEBUG CURRENT FPS: 43.4782600402832
2024-02-28 14:05:34,794 ERROR Issue changing area to previous: 
 	 	 	when self.mapIdx=0 added by step=-1, self.mapIdx is out of range.
2024-02-28 14:05:34,794 DEBUG CURRENT FPS: 43.4782600402832
2024-02-28 14:05:34,815 ERROR Issue changing area to previous: 
 	 	 	when self.mapIdx=0 added by step=-1, self.mapIdx is out of range.
2024-02-28 14:05:34,817 DEBUG CURRENT FPS: 43.4782600402832
2024-02-28 14:05:34,837 ERROR Issue changing area to previous: 
 	 	 	when self.mapIdx=0 added by step=-1, self.mapIdx is out of range.
2024-02-28 14:05:34,838 DEBUG CURRENT FPS: 43.4782600402832
2024-02-28 14:05:34,859 DEBUG CURRENT FPS: 43.4782600402832
2024-02-28 14:05:34,882 DEBUG CURRENT FPS: 43.4782600402832
2024-02-28 14:05:34,905 DEBUG CURRENT FPS: 44.4444465637207
2024-02-28 14:05:34,928 DEBUG CURRENT FPS: 44.4444465637207
2024-02-28 14:05:34,949 DEBUG CURRENT FPS: 44.4444465637207
2024-02-28 14:05:34,972 DEBUG CURRENT FPS: 44.4444465637207
2024-02-28 14:05:34,996 DEBUG CURRENT FPS: 44.4444465637207
2024-02-28 14:05:35,018 DEBUG CURRENT FPS: 44.4444465637207
2024-02-28 14:05:35,040 DEBUG CURRENT FPS: 44.4444465637207
2024-02-28 14:05:35,062 DEBUG CURRENT FPS: 44.4444465637207
2024-02-28 14:05:35,085 DEBUG CURRENT FPS: 44.4444465637207
2024-02-28 14:05:35,108 DEBUG CURRENT FPS: 44.4444465637207
2024-02-28 14:05:35,132 INFO Succefully changed map to self.maps[self.mapIdx]=<game.TileMap.TileMap object at 0x00000211CF8564B0>
2024-02-28 14:05:35,132 DEBUG CURRENT FPS: 44.24778747558594
2024-02-28 14:05:35,150 ERROR Issue changing area to previous: 
 	 	 	when self.mapIdx=1 added by step=1, self.mapIdx is out of range.
2024-02-28 14:05:35,150 DEBUG CURRENT FPS: 44.24778747558594
2024-02-28 14:05:35,172 ERROR Issue changing area to previous: 
 	 	 	when self.mapIdx=1 added by step=1, self.mapIdx is out of range.
2024-02-28 14:05:35,173 DEBUG CURRENT FPS: 44.24778747558594
2024-02-28 14:05:35,194 ERROR Issue changing area to previous: 
 	 	 	when self.mapIdx=1 added by step=1, self.mapIdx is out of range.
2024-02-28 14:05:35,194 DEBUG CURRENT FPS: 44.24778747558594
2024-02-28 14:05:35,216 ERROR Issue changing area to previous: 
 	 	 	when self.mapIdx=1 added by step=1, self.mapIdx is out of range.
2024-02-28 14:05:35,217 DEBUG CURRENT FPS: 44.24778747558594
2024-02-28 14:05:35,240 DEBUG CURRENT FPS: 44.24778747558594
2024-02-28 14:05:35,262 DEBUG CURRENT FPS: 44.24778747558594
2024-02-28 14:05:35,284 DEBUG CURRENT FPS: 44.24778747558594
2024-02-28 14:05:35,307 DEBUG CURRENT FPS: 44.24778747558594
2024-02-28 14:05:35,481 INFO Game method gameHandler.loop=<function loop at 0x00000211CD7094E0> has finished running.
